<?xml version="1.0" encoding="UTF-8"?>
<testsuite xmlns:xsi="http://www.w3.org/2001/XMLSchema-instance" xsi:noNamespaceSchemaLocation="https://maven.apache.org/surefire/maven-surefire-plugin/xsd/surefire-test-report-3.0.xsd" version="3.0" name="CalculatorTest" time="0.06" tests="11" errors="0" skipped="0" failures="0">
  <properties>
    <property name="java.specification.version" value="17"/>
    <property name="sun.cpu.isalist" value="amd64"/>
    <property name="sun.jnu.encoding" value="Cp1252"/>
    <property name="java.class.path" value="D:\CMCUniversity\third_year\SoftwareTesting\kiemthubai1\target\test-classes;D:\CMCUniversity\third_year\SoftwareTesting\kiemthubai1\target\classes;C:\Users\Admin\.m2\repository\org\junit\jupiter\junit-jupiter-engine\5.10.3\junit-jupiter-engine-5.10.3.jar;C:\Users\Admin\.m2\repository\org\junit\platform\junit-platform-engine\1.10.3\junit-platform-engine-1.10.3.jar;C:\Users\Admin\.m2\repository\org\opentest4j\opentest4j\1.3.0\opentest4j-1.3.0.jar;C:\Users\Admin\.m2\repository\org\junit\platform\junit-platform-commons\1.10.3\junit-platform-commons-1.10.3.jar;C:\Users\Admin\.m2\repository\org\junit\jupiter\junit-jupiter-api\5.10.3\junit-jupiter-api-5.10.3.jar;C:\Users\Admin\.m2\repository\org\apiguardian\apiguardian-api\1.1.2\apiguardian-api-1.1.2.jar;"/>
    <property name="java.vm.vendor" value="Microsoft"/>
    <property name="sun.arch.data.model" value="64"/>
    <property name="user.variant" value=""/>
    <property name="java.vendor.url" value="https://www.microsoft.com"/>
    <property name="user.timezone" value="Asia/Bangkok"/>
    <property name="os.name" value="Windows 11"/>
    <property name="java.vm.specification.version" value="17"/>
    <property name="sun.java.launcher" value="SUN_STANDARD"/>
    <property name="user.country" value="US"/>
    <property name="sun.boot.library.path" value="C:\Program Files\Microsoft\jdk-17.0.11.9-hotspot\bin"/>
    <property name="sun.java.command" value="C:\Users\Admin\AppData\Local\Temp\surefire8705759834296456769\surefirebooter-20250108103022200_3.jar C:\Users\Admin\AppData\Local\Temp\surefire8705759834296456769 2025-01-08T10-30-22_045-jvmRun1 surefire-20250108103022200_1tmp surefire_0-20250108103022200_2tmp"/>
    <property name="jdk.debug" value="release"/>
    <property name="surefire.test.class.path" value="D:\CMCUniversity\third_year\SoftwareTesting\kiemthubai1\target\test-classes;D:\CMCUniversity\third_year\SoftwareTesting\kiemthubai1\target\classes;C:\Users\Admin\.m2\repository\org\junit\jupiter\junit-jupiter-engine\5.10.3\junit-jupiter-engine-5.10.3.jar;C:\Users\Admin\.m2\repository\org\junit\platform\junit-platform-engine\1.10.3\junit-platform-engine-1.10.3.jar;C:\Users\Admin\.m2\repository\org\opentest4j\opentest4j\1.3.0\opentest4j-1.3.0.jar;C:\Users\Admin\.m2\repository\org\junit\platform\junit-platform-commons\1.10.3\junit-platform-commons-1.10.3.jar;C:\Users\Admin\.m2\repository\org\junit\jupiter\junit-jupiter-api\5.10.3\junit-jupiter-api-5.10.3.jar;C:\Users\Admin\.m2\repository\org\apiguardian\apiguardian-api\1.1.2\apiguardian-api-1.1.2.jar;"/>
    <property name="sun.cpu.endian" value="little"/>
    <property name="user.home" value="C:\Users\Admin"/>
    <property name="user.language" value="en"/>
    <property name="java.specification.vendor" value="Oracle Corporation"/>
    <property name="java.version.date" value="2024-04-16"/>
    <property name="java.home" value="C:\Program Files\Microsoft\jdk-17.0.11.9-hotspot"/>
    <property name="file.separator" value="\"/>
    <property name="basedir" value="D:\CMCUniversity\third_year\SoftwareTesting\kiemthubai1"/>
    <property name="java.vm.compressedOopsMode" value="Zero based"/>
    <property name="line.separator" value="&#10;"/>
    <property name="java.vm.specification.vendor" value="Oracle Corporation"/>
    <property name="java.specification.name" value="Java Platform API Specification"/>
    <property name="surefire.real.class.path" value="C:\Users\Admin\AppData\Local\Temp\surefire8705759834296456769\surefirebooter-20250108103022200_3.jar"/>
    <property name="user.script" value=""/>
    <property name="sun.management.compiler" value="HotSpot 64-Bit Tiered Compilers"/>
    <property name="java.runtime.version" value="17.0.11+9-LTS"/>
    <property name="user.name" value="Ma Duy Long"/>
    <property name="path.separator" value=";"/>
    <property name="os.version" value="10.0"/>
    <property name="java.runtime.name" value="OpenJDK Runtime Environment"/>
    <property name="file.encoding" value="Cp1252"/>
    <property name="java.vm.name" value="OpenJDK 64-Bit Server VM"/>
    <property name="java.vendor.version" value="Microsoft-9388408"/>
    <property name="localRepository" value="C:\Users\Admin\.m2\repository"/>
    <property name="java.vendor.url.bug" value="https://github.com/microsoft/openjdk/issues"/>
    <property name="java.io.tmpdir" value="C:\Users\Admin\AppData\Local\Temp\"/>
    <property name="java.version" value="17.0.11"/>
    <property name="user.dir" value="D:\CMCUniversity\third_year\SoftwareTesting\kiemthubai1"/>
    <property name="os.arch" value="amd64"/>
    <property name="java.vm.specification.name" value="Java Virtual Machine Specification"/>
    <property name="sun.os.patch.level" value=""/>
    <property name="native.encoding" value="Cp1252"/>
    <property name="java.library.path" value="C:\Program Files\Microsoft\jdk-17.0.11.9-hotspot\bin;C:\WINDOWS\Sun\Java\bin;C:\WINDOWS\system32;C:\WINDOWS;C:\Program Files (x86)\Common Files\Oracle\Java\javapath;C:\Program Files\Microsoft\jdk-17.0.11.9-hotspot\bin;C:\Program Files\Microsoft MPI\Bin\;C:\Program Files\Microsoft\jdk-11.0.16.101-hotspot\bin;C:\Program Files (x86)\Common Files\Intel\Shared Files\cpp\bin\Intel64;C:\ProgramData\Oracle\Java\javapath;C:\Windows\system32;C:\Windows;C:\Windows\System32\Wbem;C:\Windows\System32\WindowsPowerShell\v1.0\;C:\Windows\System32\OpenSSH\;C:\Program Files (x86)\NVIDIA Corporation\PhysX\Common;C:\Program Files\NVIDIA Corporation\NVIDIA NvDLISR;C:\WINDOWS\system32;C:\WINDOWS;C:\WINDOWS\System32\Wbem;C:\WINDOWS\System32\WindowsPowerShell\v1.0\;C:\WINDOWS\System32\OpenSSH\;C:\Program Files\Microsoft SQL Server\Client SDK\ODBC\170\Tools\Binn\;C:\Program Files\Cloudflare\Cloudflare WARP\;C:\Program Files\Git\cmd;C:\Program Files (x86)\Microsoft SQL Server\150\Tools\Binn\;C:\Program Files\Microsoft SQL Server\150\Tools\Binn\;C:\Program Files\Microsoft SQL Server\150\DTS\Binn\;C:\Program Files\dotnet\;C:\Program Files\Azure Data Studio\bin;C:\Program Files (x86)\Microsoft SQL Server\160\Tools\Binn\;C:\Program Files\Microsoft SQL Server\160\Tools\Binn\;C:\Program Files\Microsoft SQL Server\160\DTS\Binn\;C:\Program Files (x86)\Microsoft SQL Server\160\DTS\Binn\;C:\ProgramData\chocolatey\bin;C:\Program Files\nodejs\;C:\Users\Admin\AppData\Local\Programs\Python\Python37\Scripts\;C:\Users\Admin\AppData\Local\Programs\Python\Python37\;C:\Program Files\MySQL\MySQL Shell 8.0\bin\;C:\Users\Admin\AppData\Local\Programs\Python\Python38\Scripts\;C:\Users\Admin\AppData\Local\Programs\Python\Python38\;C:\Users\Admin\AppData\Local\Android\Sdk\tools;C:\Users\Admin\AppData\Local\Programs\Python\Python310\Scripts\;C:\Users\Admin\AppData\Local\Programs\Python\Python310\;C:\Users\Admin\AppData\Local\Programs\Python\Python312\Scripts\;C:\Users\Admin\AppData\Local\Programs\Python\Python312\;C:\MinGW\bin;C:\Users\Admin\AppData\Local\Programs\Microsoft VS Code\bin;C:\Users\Admin\.dotnet\tools;C:\Program Files\Azure Data Studio\bin;C:\Users\Admin\AppData\Local\Android\Sdk\platform-tools;C:\Users\Admin\AppData\Local\Programs\Python\Python37\Scripts;C:\Users\Admin\AppData\Roaming\npm;C:\Program Files\nodejs;C:\Program Files\JetBrains\IntelliJ IDEA 2024.3.1\bin;;C:\Users\Admin\Downloads\apache-maven-3.9.9\bin;;c:\Users\Admin\AppData\Roaming\Code\User\globalStorage\github.copilot-chat\debugCommand;."/>
    <property name="java.vm.info" value="mixed mode, sharing"/>
    <property name="java.vendor" value="Microsoft"/>
    <property name="java.vm.version" value="17.0.11+9-LTS"/>
    <property name="sun.io.unicode.encoding" value="UnicodeLittle"/>
    <property name="java.class.version" value="61.0"/>
  </properties>
  <testcase name="testAddPerformance" classname="CalculatorTest" time="0.023">
    <system-out><![CDATA[Add performance test took: 2700 nanoseconds
]]></system-out>
  </testcase>
  <testcase name="testAddThenDivide" classname="CalculatorTest" time="0.002"/>
  <testcase name="testAdd" classname="CalculatorTest" time="0.001"/>
  <testcase name="testAddThenMultiply" classname="CalculatorTest" time="0.001"/>
  <testcase name="testSubtract" classname="CalculatorTest" time="0.001"/>
  <testcase name="testMultiplyWithLargeValues" classname="CalculatorTest" time="0.002"/>
  <testcase name="testMultiplyPerformance" classname="CalculatorTest" time="0.001">
    <system-out><![CDATA[Multiplication caused overflow: Multiplication result overflow.
Multiply performance test took: 369300 nanoseconds
]]></system-out>
  </testcase>
  <testcase name="testDivideThenSubtract" classname="CalculatorTest" time="0.0"/>
  <testcase name="testDivide" classname="CalculatorTest" time="0.001"/>
  <testcase name="testMultiply" classname="CalculatorTest" time="0.001"/>
  <testcase name="testMultiplyThenSubtractWithNegativeValues" classname="CalculatorTest" time="0.0"/>
</testsuite>